2025-08-17 21:00:51,710 - modules.nlp_processor - INFO - Loading spaCy model: en_core_web_sm
2025-08-17 21:00:51,711 - modules.nlp_processor - INFO - NLP processor initialized successfully
2025-08-17 21:00:51,714 - modules.nlp_processor - INFO - Loading spaCy model: en_core_web_sm
2025-08-17 21:00:51,715 - modules.nlp_processor - ERROR - Failed to load spaCy model 'en_core_web_sm'. Please install it with: python -m spacy download en_core_web_sm
2025-08-17 21:00:51,718 - modules.nlp_processor - INFO - Loading spaCy model: en_core_web_sm
2025-08-17 21:00:51,719 - modules.nlp_processor - ERROR - Error initializing NLP processor: Unknown error
2025-08-17 21:00:51,724 - modules.nlp_processor - INFO - Loading spaCy model: en_core_web_sm
2025-08-17 21:00:51,726 - modules.nlp_processor - INFO - NLP processor initialized successfully
2025-08-17 21:00:51,728 - modules.nlp_processor - INFO - Starting operation: legal_entity_extraction | Context: {"operation_id": "legal_entity_extraction_20250817_210051_728243", "operation": "legal_entity_extraction"}
2025-08-17 21:00:51,729 - modules.nlp_processor - INFO - Operation completed successfully | Context: {"operation_id": "legal_entity_extraction_20250817_210051_728243", "success": true}
2025-08-17 21:00:51,729 - modules.nlp_processor - INFO - Performance: legal_entity_extraction took 0.87ms | Context: {"operation": "legal_entity_extraction", "duration_ms": 0.8671283721923828, "performance_log": true}
2025-08-17 21:00:51,731 - modules.nlp_processor - INFO - Loading spaCy model: en_core_web_sm
2025-08-17 21:00:52,418 - modules.nlp_processor - INFO - NLP processor initialized successfully
2025-08-17 21:00:52,418 - modules.nlp_processor - INFO - Starting operation: legal_entity_extraction | Context: {"operation_id": "legal_entity_extraction_20250817_210052_418384", "operation": "legal_entity_extraction"}
2025-08-17 21:00:52,418 - modules.nlp_processor - ERROR - Operation failed | Context: {"operation_id": "legal_entity_extraction_20250817_210052_418384", "success": false, "error": "[ANALYSIS_ERROR] NLP processor not initialized"}
2025-08-17 21:00:52,418 - modules.nlp_processor - INFO - Performance: legal_entity_extraction took 0.19ms | Context: {"operation": "legal_entity_extraction", "duration_ms": 0.1888275146484375, "performance_log": true, "success": false}
2025-08-17 21:00:52,485 - modules.nlp_processor - INFO - Loading spaCy model: en_core_web_sm
2025-08-17 21:00:52,486 - modules.nlp_processor - INFO - NLP processor initialized successfully
2025-08-17 21:00:52,487 - modules.nlp_processor - INFO - Starting operation: contradiction_detection | Context: {"operation_id": "contradiction_detection_20250817_210052_487700", "operation": "contradiction_detection"}
2025-08-17 21:00:52,489 - modules.nlp_processor - WARNING - Semantic contradiction detection failed: '>' not supported between instances of 'MagicMock' and 'float'
2025-08-17 21:00:52,489 - modules.nlp_processor - INFO - Operation completed successfully | Context: {"operation_id": "contradiction_detection_20250817_210052_487700", "success": true}
2025-08-17 21:00:52,489 - modules.nlp_processor - INFO - Performance: contradiction_detection took 1.84ms | Context: {"operation": "contradiction_detection", "duration_ms": 1.840829849243164, "performance_log": true}
2025-08-17 21:00:52,493 - modules.nlp_processor - INFO - Loading spaCy model: en_core_web_sm
2025-08-17 21:00:52,493 - modules.nlp_processor - INFO - NLP processor initialized successfully
2025-08-17 21:00:52,494 - modules.nlp_processor - INFO - Starting operation: contradiction_detection | Context: {"operation_id": "contradiction_detection_20250817_210052_494817", "operation": "contradiction_detection"}
2025-08-17 21:00:52,499 - modules.nlp_processor - WARNING - Semantic contradiction detection failed: '>' not supported between instances of 'MagicMock' and 'float'
2025-08-17 21:00:52,499 - modules.nlp_processor - INFO - Operation completed successfully | Context: {"operation_id": "contradiction_detection_20250817_210052_494817", "success": true}
2025-08-17 21:00:52,500 - modules.nlp_processor - INFO - Performance: contradiction_detection took 5.02ms | Context: {"operation": "contradiction_detection", "duration_ms": 5.024433135986328, "performance_log": true}
2025-08-17 21:00:52,503 - modules.nlp_processor - INFO - Loading spaCy model: en_core_web_sm
2025-08-17 21:00:52,504 - modules.nlp_processor - INFO - NLP processor initialized successfully
2025-08-17 21:00:52,504 - modules.nlp_processor - INFO - Starting operation: legal_concept_identification | Context: {"operation_id": "legal_concept_identification_20250817_210052_504847", "operation": "legal_concept_identification"}
2025-08-17 21:00:52,509 - modules.nlp_processor - INFO - Operation completed successfully | Context: {"operation_id": "legal_concept_identification_20250817_210052_504847", "success": true}
2025-08-17 21:00:52,509 - modules.nlp_processor - INFO - Performance: legal_concept_identification took 4.50ms | Context: {"operation": "legal_concept_identification", "duration_ms": 4.502058029174805, "performance_log": true}
2025-08-17 21:00:52,513 - modules.nlp_processor - INFO - Loading spaCy model: en_core_web_sm
2025-08-17 21:00:52,514 - modules.nlp_processor - INFO - NLP processor initialized successfully
2025-08-17 21:00:52,516 - modules.nlp_processor - INFO - Starting operation: sentiment_analysis | Context: {"operation_id": "sentiment_analysis_20250817_210052_516145", "operation": "sentiment_analysis"}
2025-08-17 21:00:52,516 - modules.nlp_processor - INFO - Operation completed successfully | Context: {"operation_id": "sentiment_analysis_20250817_210052_516145", "success": true}
2025-08-17 21:00:52,517 - modules.nlp_processor - INFO - Performance: sentiment_analysis took 0.75ms | Context: {"operation": "sentiment_analysis", "duration_ms": 0.7498264312744141, "performance_log": true}
2025-08-17 21:00:52,520 - modules.nlp_processor - INFO - Loading spaCy model: en_core_web_sm
2025-08-17 21:00:52,521 - modules.nlp_processor - INFO - NLP processor initialized successfully
2025-08-17 21:00:52,523 - modules.nlp_processor - INFO - Starting operation: sentiment_analysis | Context: {"operation_id": "sentiment_analysis_20250817_210052_523095", "operation": "sentiment_analysis"}
2025-08-17 21:00:52,523 - modules.nlp_processor - INFO - Operation completed successfully | Context: {"operation_id": "sentiment_analysis_20250817_210052_523095", "success": true}
2025-08-17 21:00:52,524 - modules.nlp_processor - INFO - Performance: sentiment_analysis took 0.80ms | Context: {"operation": "sentiment_analysis", "duration_ms": 0.8020401000976562, "performance_log": true}
2025-08-17 21:00:52,528 - modules.nlp_processor - INFO - Loading spaCy model: en_core_web_sm
2025-08-17 21:00:52,530 - modules.nlp_processor - INFO - NLP processor initialized successfully
2025-08-17 21:00:52,533 - modules.nlp_processor - INFO - Starting operation: sentiment_analysis | Context: {"operation_id": "sentiment_analysis_20250817_210052_533081", "operation": "sentiment_analysis"}
2025-08-17 21:00:52,533 - modules.nlp_processor - INFO - Operation completed successfully | Context: {"operation_id": "sentiment_analysis_20250817_210052_533081", "success": true}
2025-08-17 21:00:52,534 - modules.nlp_processor - INFO - Performance: sentiment_analysis took 0.75ms | Context: {"operation": "sentiment_analysis", "duration_ms": 0.7455348968505859, "performance_log": true}
2025-08-17 21:00:52,537 - modules.nlp_processor - INFO - Loading spaCy model: en_core_web_sm
2025-08-17 21:00:52,538 - modules.nlp_processor - INFO - NLP processor initialized successfully
2025-08-17 21:00:52,689 - modules.nlp_processor - INFO - Loading spaCy model: en_core_web_sm
2025-08-17 21:00:52,690 - modules.nlp_processor - INFO - NLP processor initialized successfully
2025-08-17 21:00:52,705 - modules.nlp_processor - INFO - Loading spaCy model: en_core_web_sm
2025-08-17 21:00:52,706 - modules.nlp_processor - INFO - NLP processor initialized successfully
2025-08-17 21:00:52,720 - modules.nlp_processor - INFO - Loading spaCy model: en_core_web_sm
2025-08-17 21:00:52,721 - modules.nlp_processor - INFO - NLP processor initialized successfully
2025-08-17 21:00:52,726 - modules.nlp_processor - INFO - Loading spaCy model: en_core_web_sm
2025-08-17 21:00:52,727 - modules.nlp_processor - INFO - NLP processor initialized successfully
2025-08-17 21:00:52,731 - modules.nlp_processor - INFO - Loading spaCy model: en_core_web_sm
2025-08-17 21:00:52,732 - modules.nlp_processor - INFO - NLP processor initialized successfully
2025-08-17 21:00:52,738 - modules.nlp_processor - INFO - Loading spaCy model: en_core_web_sm
2025-08-17 21:00:52,739 - modules.nlp_processor - INFO - NLP processor initialized successfully
2025-08-17 21:00:52,746 - modules.nlp_processor - INFO - Loading spaCy model: en_core_web_sm
2025-08-17 21:00:52,747 - modules.nlp_processor - INFO - NLP processor initialized successfully
2025-08-17 21:00:52,752 - modules.nlp_processor - INFO - NLP processor initialized
2025-08-17 21:00:52,753 - modules.nlp_processor - INFO - Loading spaCy model: en_core_web_sm
2025-08-17 21:00:53,348 - modules.nlp_processor - INFO - NLP processor initialized successfully
2025-08-17 21:00:53,348 - modules.nlp_processor - INFO - Starting operation: legal_entity_extraction | Context: {"operation_id": "legal_entity_extraction_20250817_210053_348413", "operation": "legal_entity_extraction"}
2025-08-17 21:00:53,384 - modules.nlp_processor - INFO - Operation completed successfully | Context: {"operation_id": "legal_entity_extraction_20250817_210053_348413", "success": true}
2025-08-17 21:00:53,384 - modules.nlp_processor - INFO - Performance: legal_entity_extraction took 35.64ms | Context: {"operation": "legal_entity_extraction", "duration_ms": 35.63642501831055, "performance_log": true}
2025-08-17 21:00:53,384 - modules.nlp_processor - INFO - Starting operation: contradiction_detection | Context: {"operation_id": "contradiction_detection_20250817_210053_384484", "operation": "contradiction_detection"}
2025-08-17 21:00:53,472 - modules.nlp_processor - INFO - Operation completed successfully | Context: {"operation_id": "contradiction_detection_20250817_210053_384484", "success": true}
2025-08-17 21:00:53,472 - modules.nlp_processor - INFO - Performance: contradiction_detection took 88.20ms | Context: {"operation": "contradiction_detection", "duration_ms": 88.1967544555664, "performance_log": true}
2025-08-17 21:00:53,473 - modules.nlp_processor - INFO - Starting operation: legal_concept_identification | Context: {"operation_id": "legal_concept_identification_20250817_210053_473104", "operation": "legal_concept_identification"}
2025-08-17 21:00:53,796 - modules.nlp_processor - INFO - Operation completed successfully | Context: {"operation_id": "legal_concept_identification_20250817_210053_473104", "success": true}
2025-08-17 21:00:53,797 - modules.nlp_processor - INFO - Performance: legal_concept_identification took 323.82ms | Context: {"operation": "legal_concept_identification", "duration_ms": 323.8191604614258, "performance_log": true}
2025-08-17 21:00:53,797 - modules.nlp_processor - INFO - Starting operation: sentiment_analysis | Context: {"operation_id": "sentiment_analysis_20250817_210053_797343", "operation": "sentiment_analysis"}
2025-08-17 21:00:53,825 - modules.nlp_processor - INFO - Operation completed successfully | Context: {"operation_id": "sentiment_analysis_20250817_210053_797343", "success": true}
2025-08-17 21:00:53,825 - modules.nlp_processor - INFO - Performance: sentiment_analysis took 27.77ms | Context: {"operation": "sentiment_analysis", "duration_ms": 27.773141860961914, "performance_log": true}
2025-08-17 21:01:21,391 - modules.nlp_processor - INFO - Loading spaCy model: en_core_web_sm
2025-08-17 21:01:21,393 - modules.nlp_processor - INFO - NLP processor initialized successfully
2025-08-17 21:01:21,398 - modules.nlp_processor - INFO - Loading spaCy model: en_core_web_sm
2025-08-17 21:01:21,399 - modules.nlp_processor - ERROR - Failed to load spaCy model 'en_core_web_sm'. Please install it with: python -m spacy download en_core_web_sm
2025-08-17 21:01:21,402 - modules.nlp_processor - INFO - Loading spaCy model: en_core_web_sm
2025-08-17 21:01:21,402 - modules.nlp_processor - ERROR - Error initializing NLP processor: Unknown error
2025-08-17 21:01:21,407 - modules.nlp_processor - INFO - Loading spaCy model: en_core_web_sm
2025-08-17 21:01:21,408 - modules.nlp_processor - INFO - NLP processor initialized successfully
2025-08-17 21:01:21,411 - modules.nlp_processor - INFO - Starting operation: legal_entity_extraction | Context: {"operation_id": "legal_entity_extraction_20250817_210121_411023", "operation": "legal_entity_extraction"}
2025-08-17 21:01:21,411 - modules.nlp_processor - INFO - Operation completed successfully | Context: {"operation_id": "legal_entity_extraction_20250817_210121_411023", "success": true}
2025-08-17 21:01:21,412 - modules.nlp_processor - INFO - Performance: legal_entity_extraction took 0.84ms | Context: {"operation": "legal_entity_extraction", "duration_ms": 0.8356571197509766, "performance_log": true}
2025-08-17 21:01:21,413 - modules.nlp_processor - INFO - Loading spaCy model: en_core_web_sm
2025-08-17 21:01:22,150 - modules.nlp_processor - INFO - NLP processor initialized successfully
2025-08-17 21:01:22,150 - modules.nlp_processor - INFO - Starting operation: legal_entity_extraction | Context: {"operation_id": "legal_entity_extraction_20250817_210122_150547", "operation": "legal_entity_extraction"}
2025-08-17 21:01:22,150 - modules.nlp_processor - ERROR - Operation failed | Context: {"operation_id": "legal_entity_extraction_20250817_210122_150547", "success": false, "error": "[ANALYSIS_ERROR] NLP processor not initialized"}
2025-08-17 21:01:22,151 - modules.nlp_processor - INFO - Performance: legal_entity_extraction took 0.27ms | Context: {"operation": "legal_entity_extraction", "duration_ms": 0.26679039001464844, "performance_log": true, "success": false}
2025-08-17 21:01:22,225 - modules.nlp_processor - INFO - Loading spaCy model: en_core_web_sm
2025-08-17 21:01:22,226 - modules.nlp_processor - INFO - NLP processor initialized successfully
2025-08-17 21:01:22,227 - modules.nlp_processor - INFO - Starting operation: contradiction_detection | Context: {"operation_id": "contradiction_detection_20250817_210122_227717", "operation": "contradiction_detection"}
2025-08-17 21:01:22,229 - modules.nlp_processor - WARNING - Semantic contradiction detection failed: '>' not supported between instances of 'MagicMock' and 'float'
2025-08-17 21:01:22,230 - modules.nlp_processor - INFO - Operation completed successfully | Context: {"operation_id": "contradiction_detection_20250817_210122_227717", "success": true}
2025-08-17 21:01:22,230 - modules.nlp_processor - INFO - Performance: contradiction_detection took 2.28ms | Context: {"operation": "contradiction_detection", "duration_ms": 2.283811569213867, "performance_log": true}
2025-08-17 21:01:22,233 - modules.nlp_processor - INFO - Loading spaCy model: en_core_web_sm
2025-08-17 21:01:22,234 - modules.nlp_processor - INFO - NLP processor initialized successfully
2025-08-17 21:01:22,236 - modules.nlp_processor - INFO - Starting operation: contradiction_detection | Context: {"operation_id": "contradiction_detection_20250817_210122_236074", "operation": "contradiction_detection"}
2025-08-17 21:01:22,243 - modules.nlp_processor - WARNING - Semantic contradiction detection failed: '>' not supported between instances of 'MagicMock' and 'float'
2025-08-17 21:01:22,244 - modules.nlp_processor - INFO - Operation completed successfully | Context: {"operation_id": "contradiction_detection_20250817_210122_236074", "success": true}
2025-08-17 21:01:22,244 - modules.nlp_processor - INFO - Performance: contradiction_detection took 8.03ms | Context: {"operation": "contradiction_detection", "duration_ms": 8.032560348510742, "performance_log": true}
2025-08-17 21:01:22,248 - modules.nlp_processor - INFO - Loading spaCy model: en_core_web_sm
2025-08-17 21:01:22,248 - modules.nlp_processor - INFO - NLP processor initialized successfully
2025-08-17 21:01:22,249 - modules.nlp_processor - INFO - Starting operation: legal_concept_identification | Context: {"operation_id": "legal_concept_identification_20250817_210122_249629", "operation": "legal_concept_identification"}
2025-08-17 21:01:22,254 - modules.nlp_processor - INFO - Operation completed successfully | Context: {"operation_id": "legal_concept_identification_20250817_210122_249629", "success": true}
2025-08-17 21:01:22,254 - modules.nlp_processor - INFO - Performance: legal_concept_identification took 4.43ms | Context: {"operation": "legal_concept_identification", "duration_ms": 4.429101943969727, "performance_log": true}
2025-08-17 21:01:22,258 - modules.nlp_processor - INFO - Loading spaCy model: en_core_web_sm
2025-08-17 21:01:22,259 - modules.nlp_processor - INFO - NLP processor initialized successfully
2025-08-17 21:01:22,261 - modules.nlp_processor - INFO - Starting operation: sentiment_analysis | Context: {"operation_id": "sentiment_analysis_20250817_210122_261836", "operation": "sentiment_analysis"}
2025-08-17 21:01:22,262 - modules.nlp_processor - INFO - Operation completed successfully | Context: {"operation_id": "sentiment_analysis_20250817_210122_261836", "success": true}
2025-08-17 21:01:22,263 - modules.nlp_processor - INFO - Performance: sentiment_analysis took 0.88ms | Context: {"operation": "sentiment_analysis", "duration_ms": 0.8790493011474609, "performance_log": true}
2025-08-17 21:01:22,266 - modules.nlp_processor - INFO - Loading spaCy model: en_core_web_sm
2025-08-17 21:01:22,267 - modules.nlp_processor - INFO - NLP processor initialized successfully
2025-08-17 21:01:22,269 - modules.nlp_processor - INFO - Starting operation: sentiment_analysis | Context: {"operation_id": "sentiment_analysis_20250817_210122_269513", "operation": "sentiment_analysis"}
2025-08-17 21:01:22,270 - modules.nlp_processor - INFO - Operation completed successfully | Context: {"operation_id": "sentiment_analysis_20250817_210122_269513", "success": true}
2025-08-17 21:01:22,270 - modules.nlp_processor - INFO - Performance: sentiment_analysis took 0.89ms | Context: {"operation": "sentiment_analysis", "duration_ms": 0.8897781372070312, "performance_log": true}
2025-08-17 21:01:22,275 - modules.nlp_processor - INFO - Loading spaCy model: en_core_web_sm
2025-08-17 21:01:22,278 - modules.nlp_processor - INFO - NLP processor initialized successfully
2025-08-17 21:01:22,280 - modules.nlp_processor - INFO - Starting operation: sentiment_analysis | Context: {"operation_id": "sentiment_analysis_20250817_210122_280393", "operation": "sentiment_analysis"}
2025-08-17 21:01:22,281 - modules.nlp_processor - INFO - Operation completed successfully | Context: {"operation_id": "sentiment_analysis_20250817_210122_280393", "success": true}
2025-08-17 21:01:22,281 - modules.nlp_processor - INFO - Performance: sentiment_analysis took 0.81ms | Context: {"operation": "sentiment_analysis", "duration_ms": 0.8111000061035156, "performance_log": true}
2025-08-17 21:01:22,285 - modules.nlp_processor - INFO - Loading spaCy model: en_core_web_sm
2025-08-17 21:01:22,286 - modules.nlp_processor - INFO - NLP processor initialized successfully
2025-08-17 21:01:22,423 - modules.nlp_processor - INFO - Loading spaCy model: en_core_web_sm
2025-08-17 21:01:22,424 - modules.nlp_processor - INFO - NLP processor initialized successfully
2025-08-17 21:01:22,441 - modules.nlp_processor - INFO - Loading spaCy model: en_core_web_sm
2025-08-17 21:01:22,442 - modules.nlp_processor - INFO - NLP processor initialized successfully
2025-08-17 21:01:22,458 - modules.nlp_processor - INFO - Loading spaCy model: en_core_web_sm
2025-08-17 21:01:22,460 - modules.nlp_processor - INFO - NLP processor initialized successfully
2025-08-17 21:01:22,466 - modules.nlp_processor - INFO - Loading spaCy model: en_core_web_sm
2025-08-17 21:01:22,467 - modules.nlp_processor - INFO - NLP processor initialized successfully
2025-08-17 21:01:22,472 - modules.nlp_processor - INFO - Loading spaCy model: en_core_web_sm
2025-08-17 21:01:22,473 - modules.nlp_processor - INFO - NLP processor initialized successfully
2025-08-17 21:01:22,482 - modules.nlp_processor - INFO - Loading spaCy model: en_core_web_sm
2025-08-17 21:01:22,483 - modules.nlp_processor - INFO - NLP processor initialized successfully
2025-08-17 21:01:22,492 - modules.nlp_processor - INFO - Loading spaCy model: en_core_web_sm
2025-08-17 21:01:22,493 - modules.nlp_processor - INFO - NLP processor initialized successfully
2025-08-17 21:01:22,500 - modules.nlp_processor - INFO - NLP processor initialized
2025-08-17 21:01:22,503 - modules.nlp_processor - INFO - Loading spaCy model: en_core_web_sm
2025-08-17 21:01:23,152 - modules.nlp_processor - INFO - NLP processor initialized successfully
2025-08-17 21:01:23,152 - modules.nlp_processor - INFO - Starting operation: legal_entity_extraction | Context: {"operation_id": "legal_entity_extraction_20250817_210123_152796", "operation": "legal_entity_extraction"}
2025-08-17 21:01:23,192 - modules.nlp_processor - INFO - Operation completed successfully | Context: {"operation_id": "legal_entity_extraction_20250817_210123_152796", "success": true}
2025-08-17 21:01:23,192 - modules.nlp_processor - INFO - Performance: legal_entity_extraction took 39.44ms | Context: {"operation": "legal_entity_extraction", "duration_ms": 39.43586349487305, "performance_log": true}
2025-08-17 21:01:23,193 - modules.nlp_processor - INFO - Starting operation: contradiction_detection | Context: {"operation_id": "contradiction_detection_20250817_210123_193100", "operation": "contradiction_detection"}
2025-08-17 21:01:23,295 - modules.nlp_processor - INFO - Operation completed successfully | Context: {"operation_id": "contradiction_detection_20250817_210123_193100", "success": true}
2025-08-17 21:01:23,296 - modules.nlp_processor - INFO - Performance: contradiction_detection took 102.80ms | Context: {"operation": "contradiction_detection", "duration_ms": 102.79655456542969, "performance_log": true}
2025-08-17 21:01:23,296 - modules.nlp_processor - INFO - Starting operation: legal_concept_identification | Context: {"operation_id": "legal_concept_identification_20250817_210123_296707", "operation": "legal_concept_identification"}
2025-08-17 21:01:23,716 - modules.nlp_processor - INFO - Operation completed successfully | Context: {"operation_id": "legal_concept_identification_20250817_210123_296707", "success": true}
2025-08-17 21:01:23,716 - modules.nlp_processor - INFO - Performance: legal_concept_identification took 419.74ms | Context: {"operation": "legal_concept_identification", "duration_ms": 419.7373390197754, "performance_log": true}
2025-08-17 21:01:23,717 - modules.nlp_processor - INFO - Starting operation: sentiment_analysis | Context: {"operation_id": "sentiment_analysis_20250817_210123_717308", "operation": "sentiment_analysis"}
2025-08-17 21:01:23,749 - modules.nlp_processor - INFO - Operation completed successfully | Context: {"operation_id": "sentiment_analysis_20250817_210123_717308", "success": true}
2025-08-17 21:01:23,749 - modules.nlp_processor - INFO - Performance: sentiment_analysis took 31.83ms | Context: {"operation": "sentiment_analysis", "duration_ms": 31.826496124267578, "performance_log": true}
2025-08-17 21:02:15,193 - modules.nlp_processor - INFO - Loading spaCy model: en_core_web_sm
2025-08-17 21:02:15,194 - modules.nlp_processor - INFO - NLP processor initialized successfully
2025-08-17 21:02:15,200 - modules.nlp_processor - INFO - Loading spaCy model: en_core_web_sm
2025-08-17 21:02:15,203 - modules.nlp_processor - ERROR - Failed to load spaCy model 'en_core_web_sm'. Please install it with: python -m spacy download en_core_web_sm
2025-08-17 21:02:15,210 - modules.nlp_processor - INFO - Loading spaCy model: en_core_web_sm
2025-08-17 21:02:15,211 - modules.nlp_processor - ERROR - Error initializing NLP processor: Unknown error
2025-08-17 21:02:15,215 - modules.nlp_processor - INFO - Loading spaCy model: en_core_web_sm
2025-08-17 21:02:15,216 - modules.nlp_processor - INFO - NLP processor initialized successfully
2025-08-17 21:02:15,219 - modules.nlp_processor - INFO - Starting operation: legal_entity_extraction | Context: {"operation_id": "legal_entity_extraction_20250817_210215_219252", "operation": "legal_entity_extraction"}
2025-08-17 21:02:15,220 - modules.nlp_processor - INFO - Operation completed successfully | Context: {"operation_id": "legal_entity_extraction_20250817_210215_219252", "success": true}
2025-08-17 21:02:15,220 - modules.nlp_processor - INFO - Performance: legal_entity_extraction took 0.86ms | Context: {"operation": "legal_entity_extraction", "duration_ms": 0.8635520935058594, "performance_log": true}
2025-08-17 21:02:15,222 - modules.nlp_processor - INFO - Loading spaCy model: en_core_web_sm
2025-08-17 21:02:16,051 - modules.nlp_processor - INFO - NLP processor initialized successfully
2025-08-17 21:02:16,051 - modules.nlp_processor - INFO - Starting operation: legal_entity_extraction | Context: {"operation_id": "legal_entity_extraction_20250817_210216_051419", "operation": "legal_entity_extraction"}
2025-08-17 21:02:16,051 - modules.nlp_processor - ERROR - Operation failed | Context: {"operation_id": "legal_entity_extraction_20250817_210216_051419", "success": false, "error": "[ANALYSIS_ERROR] NLP processor not initialized"}
2025-08-17 21:02:16,051 - modules.nlp_processor - INFO - Performance: legal_entity_extraction took 0.25ms | Context: {"operation": "legal_entity_extraction", "duration_ms": 0.25343894958496094, "performance_log": true, "success": false}
2025-08-17 21:02:16,140 - modules.nlp_processor - INFO - Loading spaCy model: en_core_web_sm
2025-08-17 21:02:16,142 - modules.nlp_processor - INFO - NLP processor initialized successfully
2025-08-17 21:02:16,144 - modules.nlp_processor - INFO - Starting operation: contradiction_detection | Context: {"operation_id": "contradiction_detection_20250817_210216_144012", "operation": "contradiction_detection"}
2025-08-17 21:02:16,145 - modules.nlp_processor - WARNING - Semantic contradiction detection failed: '>' not supported between instances of 'MagicMock' and 'float'
2025-08-17 21:02:16,146 - modules.nlp_processor - INFO - Operation completed successfully | Context: {"operation_id": "contradiction_detection_20250817_210216_144012", "success": true}
2025-08-17 21:02:16,146 - modules.nlp_processor - INFO - Performance: contradiction_detection took 2.20ms | Context: {"operation": "contradiction_detection", "duration_ms": 2.1975040435791016, "performance_log": true}
2025-08-17 21:02:16,150 - modules.nlp_processor - INFO - Loading spaCy model: en_core_web_sm
2025-08-17 21:02:16,151 - modules.nlp_processor - INFO - NLP processor initialized successfully
2025-08-17 21:02:16,152 - modules.nlp_processor - INFO - Starting operation: contradiction_detection | Context: {"operation_id": "contradiction_detection_20250817_210216_152292", "operation": "contradiction_detection"}
2025-08-17 21:02:16,161 - modules.nlp_processor - WARNING - Semantic contradiction detection failed: '>' not supported between instances of 'MagicMock' and 'float'
2025-08-17 21:02:16,161 - modules.nlp_processor - INFO - Operation completed successfully | Context: {"operation_id": "contradiction_detection_20250817_210216_152292", "success": true}
2025-08-17 21:02:16,161 - modules.nlp_processor - INFO - Performance: contradiction_detection took 9.36ms | Context: {"operation": "contradiction_detection", "duration_ms": 9.356498718261719, "performance_log": true}
2025-08-17 21:02:16,166 - modules.nlp_processor - INFO - Loading spaCy model: en_core_web_sm
2025-08-17 21:02:16,167 - modules.nlp_processor - INFO - NLP processor initialized successfully
2025-08-17 21:02:16,168 - modules.nlp_processor - INFO - Starting operation: legal_concept_identification | Context: {"operation_id": "legal_concept_identification_20250817_210216_168054", "operation": "legal_concept_identification"}
2025-08-17 21:02:16,172 - modules.nlp_processor - INFO - Operation completed successfully | Context: {"operation_id": "legal_concept_identification_20250817_210216_168054", "success": true}
2025-08-17 21:02:16,172 - modules.nlp_processor - INFO - Performance: legal_concept_identification took 4.62ms | Context: {"operation": "legal_concept_identification", "duration_ms": 4.616975784301758, "performance_log": true}
2025-08-17 21:02:16,179 - modules.nlp_processor - INFO - Loading spaCy model: en_core_web_sm
2025-08-17 21:02:16,180 - modules.nlp_processor - INFO - NLP processor initialized successfully
2025-08-17 21:02:16,182 - modules.nlp_processor - INFO - Starting operation: sentiment_analysis | Context: {"operation_id": "sentiment_analysis_20250817_210216_182380", "operation": "sentiment_analysis"}
2025-08-17 21:02:16,183 - modules.nlp_processor - INFO - Operation completed successfully | Context: {"operation_id": "sentiment_analysis_20250817_210216_182380", "success": true}
2025-08-17 21:02:16,183 - modules.nlp_processor - INFO - Performance: sentiment_analysis took 0.81ms | Context: {"operation": "sentiment_analysis", "duration_ms": 0.8068084716796875, "performance_log": true}
2025-08-17 21:02:16,187 - modules.nlp_processor - INFO - Loading spaCy model: en_core_web_sm
2025-08-17 21:02:16,188 - modules.nlp_processor - INFO - NLP processor initialized successfully
2025-08-17 21:02:16,190 - modules.nlp_processor - INFO - Starting operation: sentiment_analysis | Context: {"operation_id": "sentiment_analysis_20250817_210216_190557", "operation": "sentiment_analysis"}
2025-08-17 21:02:16,191 - modules.nlp_processor - INFO - Operation completed successfully | Context: {"operation_id": "sentiment_analysis_20250817_210216_190557", "success": true}
2025-08-17 21:02:16,191 - modules.nlp_processor - INFO - Performance: sentiment_analysis took 0.83ms | Context: {"operation": "sentiment_analysis", "duration_ms": 0.8308887481689453, "performance_log": true}
2025-08-17 21:02:16,195 - modules.nlp_processor - INFO - Loading spaCy model: en_core_web_sm
2025-08-17 21:02:16,198 - modules.nlp_processor - INFO - NLP processor initialized successfully
2025-08-17 21:02:16,200 - modules.nlp_processor - INFO - Starting operation: sentiment_analysis | Context: {"operation_id": "sentiment_analysis_20250817_210216_200242", "operation": "sentiment_analysis"}
2025-08-17 21:02:16,200 - modules.nlp_processor - INFO - Operation completed successfully | Context: {"operation_id": "sentiment_analysis_20250817_210216_200242", "success": true}
2025-08-17 21:02:16,201 - modules.nlp_processor - INFO - Performance: sentiment_analysis took 0.75ms | Context: {"operation": "sentiment_analysis", "duration_ms": 0.7493495941162109, "performance_log": true}
2025-08-17 21:02:16,205 - modules.nlp_processor - INFO - Loading spaCy model: en_core_web_sm
2025-08-17 21:02:16,206 - modules.nlp_processor - INFO - NLP processor initialized successfully
2025-08-17 21:02:16,344 - modules.nlp_processor - INFO - Loading spaCy model: en_core_web_sm
2025-08-17 21:02:16,345 - modules.nlp_processor - INFO - NLP processor initialized successfully
2025-08-17 21:02:16,351 - modules.nlp_processor - INFO - Loading spaCy model: en_core_web_sm
2025-08-17 21:02:16,352 - modules.nlp_processor - INFO - NLP processor initialized successfully
2025-08-17 21:02:16,368 - modules.nlp_processor - INFO - Loading spaCy model: en_core_web_sm
2025-08-17 21:02:16,368 - modules.nlp_processor - INFO - NLP processor initialized successfully
2025-08-17 21:02:16,376 - modules.nlp_processor - INFO - Loading spaCy model: en_core_web_sm
2025-08-17 21:02:16,380 - modules.nlp_processor - INFO - NLP processor initialized successfully
2025-08-17 21:02:16,389 - modules.nlp_processor - INFO - Loading spaCy model: en_core_web_sm
2025-08-17 21:02:16,392 - modules.nlp_processor - INFO - NLP processor initialized successfully
2025-08-17 21:02:16,409 - modules.nlp_processor - INFO - Loading spaCy model: en_core_web_sm
2025-08-17 21:02:16,410 - modules.nlp_processor - INFO - NLP processor initialized successfully
2025-08-17 21:02:16,426 - modules.nlp_processor - INFO - Loading spaCy model: en_core_web_sm
2025-08-17 21:02:16,427 - modules.nlp_processor - INFO - NLP processor initialized successfully
2025-08-17 21:02:16,433 - modules.nlp_processor - INFO - NLP processor initialized
2025-08-17 21:02:16,435 - modules.nlp_processor - INFO - Loading spaCy model: en_core_web_sm
2025-08-17 21:02:17,140 - modules.nlp_processor - INFO - NLP processor initialized successfully
2025-08-17 21:02:17,141 - modules.nlp_processor - INFO - Starting operation: legal_entity_extraction | Context: {"operation_id": "legal_entity_extraction_20250817_210217_141169", "operation": "legal_entity_extraction"}
2025-08-17 21:02:17,184 - modules.nlp_processor - INFO - Operation completed successfully | Context: {"operation_id": "legal_entity_extraction_20250817_210217_141169", "success": true}
2025-08-17 21:02:17,184 - modules.nlp_processor - INFO - Performance: legal_entity_extraction took 42.88ms | Context: {"operation": "legal_entity_extraction", "duration_ms": 42.88196563720703, "performance_log": true}
2025-08-17 21:02:17,184 - modules.nlp_processor - INFO - Starting operation: contradiction_detection | Context: {"operation_id": "contradiction_detection_20250817_210217_184499", "operation": "contradiction_detection"}
2025-08-17 21:02:17,296 - modules.nlp_processor - INFO - Operation completed successfully | Context: {"operation_id": "contradiction_detection_20250817_210217_184499", "success": true}
2025-08-17 21:02:17,296 - modules.nlp_processor - INFO - Performance: contradiction_detection took 111.88ms | Context: {"operation": "contradiction_detection", "duration_ms": 111.87934875488281, "performance_log": true}
2025-08-17 21:02:17,296 - modules.nlp_processor - INFO - Starting operation: legal_concept_identification | Context: {"operation_id": "legal_concept_identification_20250817_210217_296835", "operation": "legal_concept_identification"}
2025-08-17 21:02:17,735 - modules.nlp_processor - INFO - Operation completed successfully | Context: {"operation_id": "legal_concept_identification_20250817_210217_296835", "success": true}
2025-08-17 21:02:17,735 - modules.nlp_processor - INFO - Performance: legal_concept_identification took 438.58ms | Context: {"operation": "legal_concept_identification", "duration_ms": 438.5831356048584, "performance_log": true}
2025-08-17 21:02:17,735 - modules.nlp_processor - INFO - Starting operation: sentiment_analysis | Context: {"operation_id": "sentiment_analysis_20250817_210217_735926", "operation": "sentiment_analysis"}
2025-08-17 21:02:17,796 - modules.nlp_processor - INFO - Operation completed successfully | Context: {"operation_id": "sentiment_analysis_20250817_210217_735926", "success": true}
2025-08-17 21:02:17,797 - modules.nlp_processor - INFO - Performance: sentiment_analysis took 60.47ms | Context: {"operation": "sentiment_analysis", "duration_ms": 60.47248840332031, "performance_log": true}
2025-08-17 21:13:25,608 - modules.provenance_logger - INFO - Provenance logging initialized for session a73b6561
2025-08-17 21:13:25,608 - modules.sovereignty_scorer - INFO - Sovereignty scoring system initialized
2025-08-17 21:14:03,721 - modules.provenance_logger - INFO - Provenance logging initialized for session ec993c72
2025-08-17 21:14:03,722 - modules.sovereignty_scorer - INFO - Sovereignty scoring system initialized
